<?xml version="1.0" encoding="UTF-8"?>
<testsuite name="com.kodilla.stream.array.ArrayOperationsSuite" tests="2" skipped="0" failures="0" errors="0" timestamp="2022-02-11T16:00:17" hostname="MacBook-Pro-tilhrende-Anna.local" time="0.035">
  <properties/>
  <testcase name="testGetAverageListNotEmpty()" classname="com.kodilla.stream.array.ArrayOperationsSuite" time="0.031"/>
  <testcase name="testGetAverageListEmpty()" classname="com.kodilla.stream.array.ArrayOperationsSuite" time="0.001"/>
  <system-out><![CDATA[]]></system-out>
  <system-err><![CDATA[]]></system-err>
</testsuite>
