<?xml version="1.0" encoding="UTF-8"?>
<testsuite name="com.kodilla.stream.portfolio.BoardTestSuite" tests="4" skipped="0" failures="0" errors="0" timestamp="2022-02-11T16:00:17" hostname="MacBook-Pro-tilhrende-Anna.local" time="0.025">
  <properties/>
  <testcase name="testAddTaskList()" classname="com.kodilla.stream.portfolio.BoardTestSuite" time="0.015"/>
  <testcase name="testAddTaskListAverageWorkingOnTask()" classname="com.kodilla.stream.portfolio.BoardTestSuite" time="0.004"/>
  <testcase name="testAddTaskListFindUsersTasks()" classname="com.kodilla.stream.portfolio.BoardTestSuite" time="0.002"/>
  <testcase name="testAddTaskListFindOutdatedTasks()" classname="com.kodilla.stream.portfolio.BoardTestSuite" time="0.001"/>
  <system-out><![CDATA[]]></system-out>
  <system-err><![CDATA[]]></system-err>
</testsuite>
