<?xml version="1.0" encoding="UTF-8"?>
<testsuite name="com.kodilla.testing.weather.mock.WeatherForecastTestSuite" tests="1" skipped="0" failures="0" errors="0" timestamp="2022-02-11T16:00:19" hostname="MacBook-Pro-tilhrende-Anna.local" time="0.037">
  <properties/>
  <testcase name="testCalculateForecastWithMock()" classname="com.kodilla.testing.weather.mock.WeatherForecastTestSuite" time="0.037"/>
  <system-out><![CDATA[This is the beginning of tests.
Preparing to execute test #1
All tests are finished.
]]></system-out>
  <system-err><![CDATA[]]></system-err>
</testsuite>
