<?xml version="1.0" encoding="UTF-8"?>
<testsuite name="com.kodilla.testing.forum.ForumTestSuite" tests="2" skipped="0" failures="0" errors="0" timestamp="2022-02-11T16:00:19" hostname="MacBook-Pro-tilhrende-Anna.local" time="0.012">
  <properties/>
  <testcase name="when create SimpleUser with realName, then getRealName should return real user name" classname="com.kodilla.testing.forum.ForumTestSuite" time="0.008"/>
  <testcase name="when create SimpleUser with name, then getUsername should return correct name" classname="com.kodilla.testing.forum.ForumTestSuite" time="0.001"/>
  <system-out><![CDATA[Test Suite: begin
Test Case: begin
Testing John Smith
Test Case: end
Test Case: begin
Test Case: end
Test Suite: end
]]></system-out>
  <system-err><![CDATA[]]></system-err>
</testsuite>
