<?xml version="1.0" encoding="UTF-8"?>
<testsuite name="com.kodilla.testing.weather.stub.WeatherForecastTestSuite" tests="3" skipped="0" failures="0" errors="0" timestamp="2022-02-11T16:00:19" hostname="MacBook-Pro-tilhrende-Anna.local" time="0.01">
  <properties/>
  <testcase name="testCalculateAverageForecast()" classname="com.kodilla.testing.weather.stub.WeatherForecastTestSuite" time="0.002"/>
  <testcase name="testCalculateMedianForecast()" classname="com.kodilla.testing.weather.stub.WeatherForecastTestSuite" time="0.001"/>
  <testcase name="testCalculateForecastWithStub()" classname="com.kodilla.testing.weather.stub.WeatherForecastTestSuite" time="0.0"/>
  <system-out><![CDATA[This is the beginning of tests.
Preparing to execute test #1
Preparing to execute test #2
Preparing to execute test #3
All tests are finished.
]]></system-out>
  <system-err><![CDATA[]]></system-err>
</testsuite>
