<?xml version="1.0" encoding="UTF-8"?>
<testsuite name="Tests for posts" tests="4" skipped="0" failures="0" errors="0" timestamp="2022-02-11T16:00:19" hostname="MacBook-Pro-tilhrende-Anna.local" time="0.004">
  <properties/>
  <testcase name="testRemovePostNotExisting()" classname="com.kodilla.testing.forum.tdd.ForumTestSuite$TestPosts" time="0.0"/>
  <testcase name="testAddPost()" classname="com.kodilla.testing.forum.tdd.ForumTestSuite$TestPosts" time="0.001"/>
  <testcase name="testGetPost()" classname="com.kodilla.testing.forum.tdd.ForumTestSuite$TestPosts" time="0.0"/>
  <testcase name="testRemovePost()" classname="com.kodilla.testing.forum.tdd.ForumTestSuite$TestPosts" time="0.0"/>
  <system-out><![CDATA[Preparing to execute test #5
Preparing to execute test #6
Preparing to execute test #7
Preparing to execute test #8
]]></system-out>
  <system-err><![CDATA[]]></system-err>
</testsuite>
