<?xml version="1.0" encoding="UTF-8"?>
<testsuite name="com.kodilla.exception.io.SecondChallengeTestSuite" tests="2" skipped="0" failures="0" errors="0" timestamp="2022-02-11T16:00:15" hostname="MacBook-Pro-tilhrende-Anna.local" time="0.007">
  <properties/>
  <testcase name="willThrowException()" classname="com.kodilla.exception.io.SecondChallengeTestSuite" time="0.002"/>
  <testcase name="willNotThrowException()" classname="com.kodilla.exception.io.SecondChallengeTestSuite" time="0.004"/>
  <system-out><![CDATA[]]></system-out>
  <system-err><![CDATA[]]></system-err>
</testsuite>
