<?xml version="1.0" encoding="UTF-8"?>
<testsuite name="com.kodilla.exception.io.SecondChallengeTestSuite" tests="1" skipped="0" failures="0" errors="0" timestamp="2022-01-17T19:44:16" hostname="MacBook-Pro-tilhrende-Anna.local" time="0.036">
  <properties/>
  <testcase name="willNotThrowException()" classname="com.kodilla.exception.io.SecondChallengeTestSuite" time="0.036"/>
  <system-out><![CDATA[]]></system-out>
  <system-err><![CDATA[]]></system-err>
</testsuite>
